<?xml version="1.0" encoding="UTF-8"?>
<!-- Generated by org.testng.reporters.JUnitXMLReporter -->
<testsuite hostname="Tanmayee" ignored="0" name="Default test" tests="4" failures="0" timestamp="16 Jul 2018 15:45:30 GMT" time="37.732" errors="0">
  <testcase name="authetication" time="4.943" classname="com.scp.dataProvider.TestNG"/>
  <testcase name="authetication" time="0.0" classname="com.scp.dataProvider.TestNG"/>
  <testcase name="authetication" time="0.016" classname="com.scp.dataProvider.TestNG"/>
  <testcase name="authetication" time="0.015" classname="com.scp.dataProvider.TestNG"/>
</testsuite> <!-- Default test -->
