<?xml version="1.0" encoding="UTF-8"?>
<testng-results skipped="0" failed="0" ignored="0" total="4" passed="4">
  <reporter-output>
  </reporter-output>
  <suite name="Default suite" duration-ms="37732" started-at="2018-07-16T15:44:52Z" finished-at="2018-07-16T15:45:30Z">
    <groups>
    </groups>
    <test name="Default test" duration-ms="37732" started-at="2018-07-16T15:44:52Z" finished-at="2018-07-16T15:45:30Z">
      <class name="com.scp.dataProvider.TestNG">
        <test-method status="PASS" signature="authetication(java.lang.String, java.lang.String, java.lang.String)[pri:0, instance:com.scp.dataProvider.TestNG@2ef5e5e3]" name="authetication" duration-ms="4943" started-at="2018-07-16T21:15:25Z" data-provider="getDataProvider" finished-at="2018-07-16T21:15:30Z">
          <params>
            <param index="0">
              <value>
                <![CDATA[null]]>
              </value>
            </param>
            <param index="1">
              <value>
                <![CDATA[null]]>
              </value>
            </param>
            <param index="2">
              <value>
                <![CDATA[fail]]>
              </value>
            </param>
          </params>
          <reporter-output>
          </reporter-output>
        </test-method> <!-- authetication -->
        <test-method status="PASS" signature="authetication(java.lang.String, java.lang.String, java.lang.String)[pri:0, instance:com.scp.dataProvider.TestNG@2ef5e5e3]" name="authetication" duration-ms="0" started-at="2018-07-16T21:15:30Z" data-provider="getDataProvider" finished-at="2018-07-16T21:15:30Z">
          <params>
            <param index="0">
              <value>
                <![CDATA[tanmayee]]>
              </value>
            </param>
            <param index="1">
              <value>
                <![CDATA[null]]>
              </value>
            </param>
            <param index="2">
              <value>
                <![CDATA[fail]]>
              </value>
            </param>
          </params>
          <reporter-output>
          </reporter-output>
        </test-method> <!-- authetication -->
        <test-method status="PASS" signature="authetication(java.lang.String, java.lang.String, java.lang.String)[pri:0, instance:com.scp.dataProvider.TestNG@2ef5e5e3]" name="authetication" duration-ms="16" started-at="2018-07-16T21:15:30Z" data-provider="getDataProvider" finished-at="2018-07-16T21:15:30Z">
          <params>
            <param index="0">
              <value>
                <![CDATA[null]]>
              </value>
            </param>
            <param index="1">
              <value>
                <![CDATA[tanmayee]]>
              </value>
            </param>
            <param index="2">
              <value>
                <![CDATA[fail]]>
              </value>
            </param>
          </params>
          <reporter-output>
          </reporter-output>
        </test-method> <!-- authetication -->
        <test-method status="PASS" signature="authetication(java.lang.String, java.lang.String, java.lang.String)[pri:0, instance:com.scp.dataProvider.TestNG@2ef5e5e3]" name="authetication" duration-ms="15" started-at="2018-07-16T21:15:30Z" data-provider="getDataProvider" finished-at="2018-07-16T21:15:30Z">
          <params>
            <param index="0">
              <value>
                <![CDATA[tanmayee]]>
              </value>
            </param>
            <param index="1">
              <value>
                <![CDATA[tanmayee]]>
              </value>
            </param>
            <param index="2">
              <value>
                <![CDATA[success]]>
              </value>
            </param>
          </params>
          <reporter-output>
          </reporter-output>
        </test-method> <!-- authetication -->
      </class> <!-- com.scp.dataProvider.TestNG -->
    </test> <!-- Default test -->
  </suite> <!-- Default suite -->
</testng-results>
